<?xml version="1.0" encoding="UTF-8"?>
<!-- Generated by org.testng.reporters.JUnitReportReporter -->
<testsuite skipped="0" hostname="LAPTOP-O1ADAID9" name="TestRunner.TestRunner" tests="1" failures="0" timestamp="2023-08-04T13:56:09 EDT" time="7.046" errors="0">
  <testcase name="runScenario" time="7.046" classname="TestRunner.TestRunner"/>
  <system-out/>
</testsuite> <!-- TestRunner.TestRunner -->
