<?xml version="1.0" encoding="UTF-8"?>
<!-- Generated by org.testng.reporters.JUnitReportReporter -->
<testsuite skipped="0" hostname="LAPTOP-O1ADAID9" name="TestRunner.TestRunner" tests="1" failures="0" timestamp="2023-07-27T12:43:54 EDT" time="11.743" errors="0">
  <testcase name="runScenario" time="11.743" classname="TestRunner.TestRunner"/>
  <system-out/>
</testsuite> <!-- TestRunner.TestRunner -->
