<?xml version="1.0" encoding="UTF-8"?>
<!-- Generated by org.testng.reporters.JUnitReportReporter -->
<testsuite skipped="0" hostname="LAPTOP-O1ADAID9" name="TestRunner.TestRunner" tests="1" failures="0" timestamp="2023-07-24T09:17:46 EDT" time="7.756" errors="0">
  <testcase name="feature" time="7.756" classname="TestRunner.TestRunner"/>
  <system-out/>
</testsuite> <!-- TestRunner.TestRunner -->
